<?xml version="1.0" encoding="UTF-8"?>
<!-- Generated by org.testng.reporters.JUnitXMLReporter -->
<testsuite ignored="5" hostname="LTIN215041" failures="3" tests="3" name="Test" time="40.273" errors="0" timestamp="2023-06-20T17:20:56 IST">
  <testcase classname="testCases.CabPageTestClass" name="test_redirect_to_cabs" time="15.129">
    <failure type="java.lang.NullPointerException" message="Cannot invoke &amp;quot;org.openqa.selenium.SearchContext.findElement(org.openqa.selenium.By)&amp;quot; because &amp;quot;this.searchContext&amp;quot; is null">
      <![CDATA[java.lang.NullPointerException: Cannot invoke "org.openqa.selenium.SearchContext.findElement(org.openqa.selenium.By)" because "this.searchContext" is null
at org.openqa.selenium.support.pagefactory.DefaultElementLocator.findElement(DefaultElementLocator.java:68)
at org.openqa.selenium.support.pagefactory.internal.LocatingElementHandler.invoke(LocatingElementHandler.java:38)
at jdk.proxy2/jdk.proxy2.$Proxy13.click(Unknown Source)
at pageObject.CabBooking.launchCabPage(CabBooking.java:67)
at testCases.CabPageTestClass.test_redirect_to_cabs(CabPageTestClass.java:18)
at java.base/java.util.ArrayList.forEach(ArrayList.java:1511)
... Removed 27 stack frames]]>
    </failure>
  </testcase> <!-- test_redirect_to_cabs -->
  <testcase classname="testCases.GiftCardTestClass" name="test_gift_card_page" time="15.02">
    <failure type="java.lang.NullPointerException" message="Cannot invoke &amp;quot;org.openqa.selenium.SearchContext.findElement(org.openqa.selenium.By)&amp;quot; because &amp;quot;this.searchContext&amp;quot; is null">
      <![CDATA[java.lang.NullPointerException: Cannot invoke "org.openqa.selenium.SearchContext.findElement(org.openqa.selenium.By)" because "this.searchContext" is null
at org.openqa.selenium.support.pagefactory.DefaultElementLocator.findElement(DefaultElementLocator.java:68)
at org.openqa.selenium.support.pagefactory.internal.LocatingElementHandler.invoke(LocatingElementHandler.java:38)
at jdk.proxy2/jdk.proxy2.$Proxy13.click(Unknown Source)
at pageObject.GiftCard.launchGiftCard(GiftCard.java:59)
at testCases.GiftCardTestClass.test_gift_card_page(GiftCardTestClass.java:22)
at java.base/java.util.ArrayList.forEach(ArrayList.java:1511)
... Removed 27 stack frames]]>
    </failure>
  </testcase> <!-- test_gift_card_page -->
  <testcase classname="testCases.HotelPageTestClass" name="test_hotel_page_functionality" time="10.019">
    <failure type="java.lang.AssertionError" message="null">
      <![CDATA[java.lang.AssertionError: null
at testCases.HotelPageTestClass.test_hotel_page_functionality(HotelPageTestClass.java:28)
at java.base/java.util.ArrayList.forEach(ArrayList.java:1511)
... Removed 29 stack frames]]>
    </failure>
  </testcase> <!-- test_hotel_page_functionality -->
  <testcase classname="testCases.CabPageTestClass" name="test_cab_data_fill" time="0.0">
    <ignored/>
  </testcase> <!-- test_cab_data_fill -->
  <testcase classname="testCases.GiftCardTestClass" name="test_remove_category" time="0.0">
    <ignored/>
  </testcase> <!-- test_remove_category -->
  <testcase classname="testCases.GiftCardTestClass" name="test_wedding_gift_card" time="0.0">
    <ignored/>
  </testcase> <!-- test_wedding_gift_card -->
  <testcase classname="testCases.GiftCardTestClass" name="test_give_invalid_email" time="0.0">
    <ignored/>
  </testcase> <!-- test_give_invalid_email -->
  <testcase classname="testCases.CabPageTestClass" name="test_car_type_suv" time="0.0">
    <ignored/>
  </testcase> <!-- test_car_type_suv -->
</testsuite> <!-- Test -->
