<?xml version="1.0" encoding="UTF-8"?>
<testng-results ignored="0" total="8" passed="7" failed="1" skipped="0">
  <reporter-output>
  </reporter-output>
  <suite started-at="2023-07-13T10:32:44 IST" name="HackathonSuite" finished-at="2023-07-13T10:34:39 IST" duration-ms="115212">
    <groups>
      <group name="Regression">
        <method signature="TC_001_CabPageTestClass.test_redirect_to_cabs()[pri:1, instance:testCases.TC_001_CabPageTestClass@1349883]" name="test_redirect_to_cabs" class="testCases.TC_001_CabPageTestClass"/>
        <method signature="TC_001_CabPageTestClass.test_cab_data_fill()[pri:2, instance:testCases.TC_001_CabPageTestClass@1349883]" name="test_cab_data_fill" class="testCases.TC_001_CabPageTestClass"/>
        <method signature="TC_001_CabPageTestClass.test_car_type_suv()[pri:3, instance:testCases.TC_001_CabPageTestClass@1349883]" name="test_car_type_suv" class="testCases.TC_001_CabPageTestClass"/>
        <method signature="TC_003_HotelPageTestClass.test_hotel_page_functionality()[pri:4, instance:testCases.TC_003_HotelPageTestClass@5f049ea1]" name="test_hotel_page_functionality" class="testCases.TC_003_HotelPageTestClass"/>
        <method signature="TC_002_GiftCardTestClass.test_gift_card_page()[pri:6, instance:testCases.TC_002_GiftCardTestClass@3f191845]" name="test_gift_card_page" class="testCases.TC_002_GiftCardTestClass"/>
        <method signature="TC_002_GiftCardTestClass.test_remove_category()[pri:7, instance:testCases.TC_002_GiftCardTestClass@3f191845]" name="test_remove_category" class="testCases.TC_002_GiftCardTestClass"/>
        <method signature="TC_002_GiftCardTestClass.test_select_gift_card()[pri:8, instance:testCases.TC_002_GiftCardTestClass@3f191845]" name="test_select_gift_card" class="testCases.TC_002_GiftCardTestClass"/>
        <method signature="TC_002_GiftCardTestClass.test_invalid_email()[pri:9, instance:testCases.TC_002_GiftCardTestClass@3f191845]" name="test_invalid_email" class="testCases.TC_002_GiftCardTestClass"/>
      </group> <!-- Regression -->
      <group name="Smoke">
        <method signature="TC_001_CabPageTestClass.test_redirect_to_cabs()[pri:1, instance:testCases.TC_001_CabPageTestClass@1349883]" name="test_redirect_to_cabs" class="testCases.TC_001_CabPageTestClass"/>
        <method signature="TC_003_HotelPageTestClass.test_hotel_page_functionality()[pri:4, instance:testCases.TC_003_HotelPageTestClass@5f049ea1]" name="test_hotel_page_functionality" class="testCases.TC_003_HotelPageTestClass"/>
        <method signature="TC_002_GiftCardTestClass.test_gift_card_page()[pri:6, instance:testCases.TC_002_GiftCardTestClass@3f191845]" name="test_gift_card_page" class="testCases.TC_002_GiftCardTestClass"/>
      </group> <!-- Smoke -->
    </groups>
    <test started-at="2023-07-13T10:32:44 IST" name="HackathonTest" finished-at="2023-07-13T10:34:39 IST" duration-ms="115212">
      <class name="testCases.TC_001_CabPageTestClass">
        <test-method is-config="true" signature="setup(java.lang.String)[pri:0, instance:testCases.TC_001_CabPageTestClass@1349883]" started-at="2023-07-13T10:32:45 IST" name="setup" finished-at="2023-07-13T10:33:03 IST" duration-ms="17979" status="PASS">
          <params>
            <param index="0">
              <value>
                <![CDATA[chrome]]>
              </value>
            </param>
          </params>
          <reporter-output>
          </reporter-output>
        </test-method> <!-- setup -->
        <test-method signature="test_redirect_to_cabs()[pri:1, instance:testCases.TC_001_CabPageTestClass@1349883]" started-at="2023-07-13T10:33:03 IST" name="test_redirect_to_cabs" finished-at="2023-07-13T10:33:10 IST" duration-ms="7138" status="PASS">
          <reporter-output>
          </reporter-output>
        </test-method> <!-- test_redirect_to_cabs -->
        <test-method signature="test_cab_data_fill()[pri:2, instance:testCases.TC_001_CabPageTestClass@1349883]" started-at="2023-07-13T10:33:10 IST" name="test_cab_data_fill" finished-at="2023-07-13T10:33:33 IST" duration-ms="22464" status="PASS">
          <reporter-output>
          </reporter-output>
        </test-method> <!-- test_cab_data_fill -->
        <test-method signature="test_car_type_suv()[pri:3, instance:testCases.TC_001_CabPageTestClass@1349883]" started-at="2023-07-13T10:33:33 IST" name="test_car_type_suv" finished-at="2023-07-13T10:33:40 IST" duration-ms="7888" status="PASS">
          <reporter-output>
          </reporter-output>
        </test-method> <!-- test_car_type_suv -->
        <test-method is-config="true" signature="tearDown()[pri:0, instance:testCases.TC_001_CabPageTestClass@1349883]" started-at="2023-07-13T10:33:40 IST" name="tearDown" finished-at="2023-07-13T10:33:42 IST" duration-ms="1460" status="PASS">
          <reporter-output>
          </reporter-output>
        </test-method> <!-- tearDown -->
      </class> <!-- testCases.TC_001_CabPageTestClass -->
      <class name="testCases.TC_003_HotelPageTestClass">
        <test-method is-config="true" signature="setup(java.lang.String)[pri:0, instance:testCases.TC_003_HotelPageTestClass@5f049ea1]" started-at="2023-07-13T10:34:15 IST" name="setup" finished-at="2023-07-13T10:34:25 IST" duration-ms="10577" status="PASS">
          <params>
            <param index="0">
              <value>
                <![CDATA[chrome]]>
              </value>
            </param>
          </params>
          <reporter-output>
          </reporter-output>
        </test-method> <!-- setup -->
        <test-method signature="test_hotel_page_functionality()[pri:4, instance:testCases.TC_003_HotelPageTestClass@5f049ea1]" started-at="2023-07-13T10:34:25 IST" name="test_hotel_page_functionality" finished-at="2023-07-13T10:34:38 IST" duration-ms="12204" status="PASS">
          <reporter-output>
          </reporter-output>
        </test-method> <!-- test_hotel_page_functionality -->
        <test-method is-config="true" signature="tearDown()[pri:0, instance:testCases.TC_003_HotelPageTestClass@5f049ea1]" started-at="2023-07-13T10:34:38 IST" name="tearDown" finished-at="2023-07-13T10:34:39 IST" duration-ms="1390" status="PASS">
          <reporter-output>
          </reporter-output>
        </test-method> <!-- tearDown -->
      </class> <!-- testCases.TC_003_HotelPageTestClass -->
      <class name="testCases.TC_002_GiftCardTestClass">
        <test-method is-config="true" signature="setup(java.lang.String)[pri:0, instance:testCases.TC_002_GiftCardTestClass@3f191845]" started-at="2023-07-13T10:33:42 IST" name="setup" finished-at="2023-07-13T10:33:55 IST" duration-ms="13459" status="PASS">
          <params>
            <param index="0">
              <value>
                <![CDATA[chrome]]>
              </value>
            </param>
          </params>
          <reporter-output>
          </reporter-output>
        </test-method> <!-- setup -->
        <test-method signature="test_gift_card_page()[pri:6, instance:testCases.TC_002_GiftCardTestClass@3f191845]" started-at="2023-07-13T10:33:55 IST" name="test_gift_card_page" finished-at="2023-07-13T10:34:02 IST" duration-ms="6778" status="PASS">
          <reporter-output>
          </reporter-output>
        </test-method> <!-- test_gift_card_page -->
        <test-method signature="test_remove_category()[pri:7, instance:testCases.TC_002_GiftCardTestClass@3f191845]" started-at="2023-07-13T10:34:02 IST" name="test_remove_category" finished-at="2023-07-13T10:34:03 IST" duration-ms="374" status="PASS">
          <reporter-output>
          </reporter-output>
        </test-method> <!-- test_remove_category -->
        <test-method signature="test_select_gift_card()[pri:8, instance:testCases.TC_002_GiftCardTestClass@3f191845]" started-at="2023-07-13T10:34:03 IST" name="test_select_gift_card" finished-at="2023-07-13T10:34:07 IST" duration-ms="4250" status="PASS">
          <reporter-output>
          </reporter-output>
        </test-method> <!-- test_select_gift_card -->
        <test-method signature="test_invalid_email()[pri:9, instance:testCases.TC_002_GiftCardTestClass@3f191845]" started-at="2023-07-13T10:34:07 IST" name="test_invalid_email" finished-at="2023-07-13T10:34:13 IST" duration-ms="6126" status="FAIL">
          <exception class="java.lang.AssertionError">
            <message>
              <![CDATA[Please enter a valid Email id. expected [true] but found [false]]]>
            </message>
            <full-stacktrace>
              <![CDATA[java.lang.AssertionError: Please enter a valid Email id. expected [true] but found [false]
at org.testng.Assert.fail(Assert.java:111)
at org.testng.Assert.failNotEquals(Assert.java:1578)
at org.testng.Assert.assertTrue(Assert.java:57)
at testCases.TC_002_GiftCardTestClass.test_invalid_email(TC_002_GiftCardTestClass.java:104)
at java.base/jdk.internal.reflect.NativeMethodAccessorImpl.invoke0(Native Method)
at java.base/jdk.internal.reflect.NativeMethodAccessorImpl.invoke(NativeMethodAccessorImpl.java:77)
at java.base/jdk.internal.reflect.DelegatingMethodAccessorImpl.invoke(DelegatingMethodAccessorImpl.java:43)
at java.base/java.lang.reflect.Method.invoke(Method.java:568)
at org.testng.internal.invokers.MethodInvocationHelper.invokeMethod(MethodInvocationHelper.java:139)
at org.testng.internal.invokers.TestInvoker.invokeMethod(TestInvoker.java:664)
at org.testng.internal.invokers.TestInvoker.invokeTestMethod(TestInvoker.java:227)
at org.testng.internal.invokers.MethodRunner.runInSequence(MethodRunner.java:50)
at org.testng.internal.invokers.TestInvoker$MethodInvocationAgent.invoke(TestInvoker.java:957)
at org.testng.internal.invokers.TestInvoker.invokeTestMethods(TestInvoker.java:200)
at org.testng.internal.invokers.TestMethodWorker.invokeTestMethods(TestMethodWorker.java:148)
at org.testng.internal.invokers.TestMethodWorker.run(TestMethodWorker.java:128)
at java.base/java.util.ArrayList.forEach(ArrayList.java:1511)
at org.testng.TestRunner.privateRun(TestRunner.java:848)
at org.testng.TestRunner.run(TestRunner.java:621)
at org.testng.SuiteRunner.runTest(SuiteRunner.java:443)
at org.testng.SuiteRunner.runSequentially(SuiteRunner.java:437)
at org.testng.SuiteRunner.privateRun(SuiteRunner.java:397)
at org.testng.SuiteRunner.run(SuiteRunner.java:336)
at org.testng.SuiteRunnerWorker.runSuite(SuiteRunnerWorker.java:52)
at org.testng.SuiteRunnerWorker.run(SuiteRunnerWorker.java:95)
at org.testng.TestNG.runSuitesSequentially(TestNG.java:1280)
at org.testng.TestNG.runSuitesLocally(TestNG.java:1200)
at org.testng.TestNG.runSuites(TestNG.java:1114)
at org.testng.TestNG.run(TestNG.java:1082)
at org.apache.maven.surefire.testng.TestNGExecutor.run(TestNGExecutor.java:308)
at org.apache.maven.surefire.testng.TestNGXmlTestSuite.execute(TestNGXmlTestSuite.java:71)
at org.apache.maven.surefire.testng.TestNGProvider.invoke(TestNGProvider.java:113)
at org.apache.maven.surefire.booter.ForkedBooter.runSuitesInProcess(ForkedBooter.java:385)
at org.apache.maven.surefire.booter.ForkedBooter.execute(ForkedBooter.java:162)
at org.apache.maven.surefire.booter.ForkedBooter.run(ForkedBooter.java:507)
at org.apache.maven.surefire.booter.ForkedBooter.main(ForkedBooter.java:495)
]]>
            </full-stacktrace>
          </exception> <!-- java.lang.AssertionError -->
          <reporter-output>
          </reporter-output>
        </test-method> <!-- test_invalid_email -->
        <test-method is-config="true" signature="tearDown()[pri:0, instance:testCases.TC_002_GiftCardTestClass@3f191845]" started-at="2023-07-13T10:34:13 IST" name="tearDown" finished-at="2023-07-13T10:34:15 IST" duration-ms="1499" status="PASS">
          <reporter-output>
          </reporter-output>
        </test-method> <!-- tearDown -->
      </class> <!-- testCases.TC_002_GiftCardTestClass -->
    </test> <!-- HackathonTest -->
  </suite> <!-- HackathonSuite -->
</testng-results>
