<?xml version="1.0" encoding="UTF-8"?>
<testng-results ignored="0" total="8" passed="7" failed="1" skipped="0">
  <reporter-output>
  </reporter-output>
  <suite started-at="2023-07-03T10:43:37 IST" name="HackathonSuite" finished-at="2023-07-03T10:46:18 IST" duration-ms="161254">
    <groups>
      <group name="Regression">
        <method signature="TC_001_CabPageTestClass.test_cab_data_fill()[pri:2, instance:testCases.TC_001_CabPageTestClass@1a942c18]" name="test_cab_data_fill" class="testCases.TC_001_CabPageTestClass"/>
        <method signature="TC_001_CabPageTestClass.test_car_type_suv()[pri:3, instance:testCases.TC_001_CabPageTestClass@1a942c18]" name="test_car_type_suv" class="testCases.TC_001_CabPageTestClass"/>
        <method signature="TC_001_CabPageTestClass.test_redirect_to_cabs()[pri:1, instance:testCases.TC_001_CabPageTestClass@1a942c18]" name="test_redirect_to_cabs" class="testCases.TC_001_CabPageTestClass"/>
        <method signature="TC_002_GiftCardTestClass.test_gift_card_page()[pri:6, instance:testCases.TC_002_GiftCardTestClass@5ab956d7]" name="test_gift_card_page" class="testCases.TC_002_GiftCardTestClass"/>
        <method signature="TC_002_GiftCardTestClass.test_give_invalid_email()[pri:9, instance:testCases.TC_002_GiftCardTestClass@5ab956d7]" name="test_give_invalid_email" class="testCases.TC_002_GiftCardTestClass"/>
        <method signature="TC_002_GiftCardTestClass.test_remove_category()[pri:7, instance:testCases.TC_002_GiftCardTestClass@5ab956d7]" name="test_remove_category" class="testCases.TC_002_GiftCardTestClass"/>
        <method signature="TC_002_GiftCardTestClass.test_wedding_gift_card()[pri:8, instance:testCases.TC_002_GiftCardTestClass@5ab956d7]" name="test_wedding_gift_card" class="testCases.TC_002_GiftCardTestClass"/>
        <method signature="TC_003_HotelPageTestClass.test_hotel_page_functionality()[pri:4, instance:testCases.TC_003_HotelPageTestClass@3e27aa33]" name="test_hotel_page_functionality" class="testCases.TC_003_HotelPageTestClass"/>
      </group> <!-- Regression -->
      <group name="Smoke">
        <method signature="TC_001_CabPageTestClass.test_redirect_to_cabs()[pri:1, instance:testCases.TC_001_CabPageTestClass@1a942c18]" name="test_redirect_to_cabs" class="testCases.TC_001_CabPageTestClass"/>
        <method signature="TC_002_GiftCardTestClass.test_gift_card_page()[pri:6, instance:testCases.TC_002_GiftCardTestClass@5ab956d7]" name="test_gift_card_page" class="testCases.TC_002_GiftCardTestClass"/>
        <method signature="TC_003_HotelPageTestClass.test_hotel_page_functionality()[pri:4, instance:testCases.TC_003_HotelPageTestClass@3e27aa33]" name="test_hotel_page_functionality" class="testCases.TC_003_HotelPageTestClass"/>
      </group> <!-- Smoke -->
    </groups>
    <test started-at="2023-07-03T10:43:37 IST" name="HackathonTest" finished-at="2023-07-03T10:46:18 IST" duration-ms="161254">
      <class name="testCases.TC_001_CabPageTestClass">
        <test-method is-config="true" signature="setup(java.lang.String)[pri:0, instance:testCases.TC_001_CabPageTestClass@1a942c18]" started-at="2023-07-03T10:43:37 IST" name="setup" finished-at="2023-07-03T10:43:57 IST" duration-ms="19543" status="PASS">
          <params>
            <param index="0">
              <value>
                <![CDATA[chrome]]>
              </value>
            </param>
          </params>
          <reporter-output>
          </reporter-output>
        </test-method> <!-- setup -->
        <test-method signature="test_redirect_to_cabs()[pri:1, instance:testCases.TC_001_CabPageTestClass@1a942c18]" started-at="2023-07-03T10:43:57 IST" name="test_redirect_to_cabs" finished-at="2023-07-03T10:44:04 IST" duration-ms="6795" status="PASS">
          <reporter-output>
          </reporter-output>
        </test-method> <!-- test_redirect_to_cabs -->
        <test-method signature="test_cab_data_fill()[pri:2, instance:testCases.TC_001_CabPageTestClass@1a942c18]" started-at="2023-07-03T10:44:04 IST" name="test_cab_data_fill" finished-at="2023-07-03T10:44:24 IST" duration-ms="20342" status="PASS">
          <reporter-output>
          </reporter-output>
        </test-method> <!-- test_cab_data_fill -->
        <test-method signature="test_car_type_suv()[pri:3, instance:testCases.TC_001_CabPageTestClass@1a942c18]" started-at="2023-07-03T10:44:24 IST" name="test_car_type_suv" finished-at="2023-07-03T10:44:31 IST" duration-ms="6548" status="PASS">
          <reporter-output>
          </reporter-output>
        </test-method> <!-- test_car_type_suv -->
        <test-method is-config="true" signature="tearDown()[pri:0, instance:testCases.TC_001_CabPageTestClass@1a942c18]" started-at="2023-07-03T10:44:31 IST" name="tearDown" finished-at="2023-07-03T10:44:34 IST" duration-ms="3285" status="PASS">
          <reporter-output>
          </reporter-output>
        </test-method> <!-- tearDown -->
      </class> <!-- testCases.TC_001_CabPageTestClass -->
      <class name="testCases.TC_003_HotelPageTestClass">
        <test-method is-config="true" signature="setup(java.lang.String)[pri:0, instance:testCases.TC_003_HotelPageTestClass@3e27aa33]" started-at="2023-07-03T10:45:27 IST" name="setup" finished-at="2023-07-03T10:45:59 IST" duration-ms="31829" status="PASS">
          <params>
            <param index="0">
              <value>
                <![CDATA[chrome]]>
              </value>
            </param>
          </params>
          <reporter-output>
          </reporter-output>
        </test-method> <!-- setup -->
        <test-method signature="test_hotel_page_functionality()[pri:4, instance:testCases.TC_003_HotelPageTestClass@3e27aa33]" started-at="2023-07-03T10:45:59 IST" name="test_hotel_page_functionality" finished-at="2023-07-03T10:46:13 IST" duration-ms="13743" status="PASS">
          <reporter-output>
          </reporter-output>
        </test-method> <!-- test_hotel_page_functionality -->
        <test-method is-config="true" signature="tearDown()[pri:0, instance:testCases.TC_003_HotelPageTestClass@3e27aa33]" started-at="2023-07-03T10:46:13 IST" name="tearDown" finished-at="2023-07-03T10:46:18 IST" duration-ms="5437" status="PASS">
          <reporter-output>
          </reporter-output>
        </test-method> <!-- tearDown -->
      </class> <!-- testCases.TC_003_HotelPageTestClass -->
      <class name="testCases.TC_002_GiftCardTestClass">
        <test-method is-config="true" signature="setup(java.lang.String)[pri:0, instance:testCases.TC_002_GiftCardTestClass@5ab956d7]" started-at="2023-07-03T10:44:34 IST" name="setup" finished-at="2023-07-03T10:44:57 IST" duration-ms="23283" status="PASS">
          <params>
            <param index="0">
              <value>
                <![CDATA[chrome]]>
              </value>
            </param>
          </params>
          <reporter-output>
          </reporter-output>
        </test-method> <!-- setup -->
        <test-method signature="test_gift_card_page()[pri:6, instance:testCases.TC_002_GiftCardTestClass@5ab956d7]" started-at="2023-07-03T10:44:57 IST" name="test_gift_card_page" finished-at="2023-07-03T10:45:09 IST" duration-ms="11460" status="PASS">
          <reporter-output>
          </reporter-output>
        </test-method> <!-- test_gift_card_page -->
        <test-method signature="test_remove_category()[pri:7, instance:testCases.TC_002_GiftCardTestClass@5ab956d7]" started-at="2023-07-03T10:45:09 IST" name="test_remove_category" finished-at="2023-07-03T10:45:09 IST" duration-ms="358" status="PASS">
          <reporter-output>
          </reporter-output>
        </test-method> <!-- test_remove_category -->
        <test-method signature="test_wedding_gift_card()[pri:8, instance:testCases.TC_002_GiftCardTestClass@5ab956d7]" started-at="2023-07-03T10:45:09 IST" name="test_wedding_gift_card" finished-at="2023-07-03T10:45:16 IST" duration-ms="7165" status="PASS">
          <reporter-output>
          </reporter-output>
        </test-method> <!-- test_wedding_gift_card -->
        <test-method signature="test_give_invalid_email()[pri:9, instance:testCases.TC_002_GiftCardTestClass@5ab956d7]" started-at="2023-07-03T10:45:16 IST" name="test_give_invalid_email" finished-at="2023-07-03T10:45:22 IST" duration-ms="5191" status="FAIL">
          <exception class="java.lang.AssertionError">
            <message>
              <![CDATA[Please enter a valid Email id. expected [true] but found [false]]]>
            </message>
            <full-stacktrace>
              <![CDATA[java.lang.AssertionError: Please enter a valid Email id. expected [true] but found [false]
at org.testng.Assert.fail(Assert.java:99)
at org.testng.Assert.failNotEquals(Assert.java:1037)
at org.testng.Assert.assertTrue(Assert.java:45)
at testCases.TC_002_GiftCardTestClass.test_give_invalid_email(TC_002_GiftCardTestClass.java:85)
at java.base/jdk.internal.reflect.NativeMethodAccessorImpl.invoke0(Native Method)
at java.base/jdk.internal.reflect.NativeMethodAccessorImpl.invoke(NativeMethodAccessorImpl.java:77)
at java.base/jdk.internal.reflect.DelegatingMethodAccessorImpl.invoke(DelegatingMethodAccessorImpl.java:43)
at java.base/java.lang.reflect.Method.invoke(Method.java:568)
at org.testng.internal.MethodInvocationHelper.invokeMethod(MethodInvocationHelper.java:133)
at org.testng.internal.TestInvoker.invokeMethod(TestInvoker.java:598)
at org.testng.internal.TestInvoker.invokeTestMethod(TestInvoker.java:173)
at org.testng.internal.MethodRunner.runInSequence(MethodRunner.java:46)
at org.testng.internal.TestInvoker$MethodInvocationAgent.invoke(TestInvoker.java:824)
at org.testng.internal.TestInvoker.invokeTestMethods(TestInvoker.java:146)
at org.testng.internal.TestMethodWorker.invokeTestMethods(TestMethodWorker.java:146)
at org.testng.internal.TestMethodWorker.run(TestMethodWorker.java:128)
at java.base/java.util.ArrayList.forEach(ArrayList.java:1511)
at org.testng.TestRunner.privateRun(TestRunner.java:794)
at org.testng.TestRunner.run(TestRunner.java:596)
at org.testng.SuiteRunner.runTest(SuiteRunner.java:377)
at org.testng.SuiteRunner.runSequentially(SuiteRunner.java:371)
at org.testng.SuiteRunner.privateRun(SuiteRunner.java:332)
at org.testng.SuiteRunner.run(SuiteRunner.java:276)
at org.testng.SuiteRunnerWorker.runSuite(SuiteRunnerWorker.java:53)
at org.testng.SuiteRunnerWorker.run(SuiteRunnerWorker.java:96)
at org.testng.TestNG.runSuitesSequentially(TestNG.java:1212)
at org.testng.TestNG.runSuitesLocally(TestNG.java:1134)
at org.testng.TestNG.runSuites(TestNG.java:1063)
at org.testng.TestNG.run(TestNG.java:1031)
at org.testng.remote.AbstractRemoteTestNG.run(AbstractRemoteTestNG.java:115)
at org.testng.remote.RemoteTestNG.initAndRun(RemoteTestNG.java:251)
at org.testng.remote.RemoteTestNG.main(RemoteTestNG.java:77)
]]>
            </full-stacktrace>
          </exception> <!-- java.lang.AssertionError -->
          <reporter-output>
          </reporter-output>
        </test-method> <!-- test_give_invalid_email -->
        <test-method is-config="true" signature="tearDown()[pri:0, instance:testCases.TC_002_GiftCardTestClass@5ab956d7]" started-at="2023-07-03T10:45:22 IST" name="tearDown" finished-at="2023-07-03T10:45:27 IST" duration-ms="4951" status="PASS">
          <reporter-output>
          </reporter-output>
        </test-method> <!-- tearDown -->
      </class> <!-- testCases.TC_002_GiftCardTestClass -->
    </test> <!-- HackathonTest -->
  </suite> <!-- HackathonSuite -->
</testng-results>
